<?xml version="1.0" encoding="UTF-8"?>
<!-- Generated by org.testng.reporters.JUnitReportReporter -->
<testsuite hostname="DESKTOP-548BNN3" name="qbrainx.adactin.ExecutionClass" tests="1" failures="0" timestamp="28 Feb 2020 10:05:05 GMT" time="14.597" errors="0">
  <testcase name="testCase1" time="14.597" classname="qbrainx.adactin.ExecutionClass"/>
</testsuite> <!-- qbrainx.adactin.ExecutionClass -->
